<?xml version="1.0" encoding="UTF-8"?>
<!-- Generated by org.testng.reporters.JUnitXMLReporter -->
<testsuite hostname="kamKom" ignored="0" name="Default test" tests="20" failures="0" timestamp="2022-07-03T17:58:46 EEST" time="0.169" errors="0">
  <testcase name="Test_Devide_TwoPositiveNumbers" time="0.018" classname="Calculations.Division"/>
  <testcase name="Test_Devide_TwoPositiveNumbers" time="0.002" classname="Calculations.Division"/>
  <testcase name="Test_Devide_TwoPositiveNumbers" time="0.002" classname="Calculations.Division"/>
  <testcase name="Test_Devide_TwoPositiveNumbers" time="0.003" classname="Calculations.Division"/>
  <testcase name="Test_Devide_TwoPositiveNumbers" time="0.002" classname="Calculations.Division"/>
  <testcase name="Test_Devide_TwoPositiveNumbers" time="0.002" classname="Calculations.Division"/>
  <testcase name="Test_Devide_TwoPositiveNumbers" time="0.002" classname="Calculations.Division"/>
  <testcase name="Test_Devide_TwoPositiveNumbers" time="0.003" classname="Calculations.Division"/>
  <testcase name="Test_Devide_TwoPositiveNumbers" time="0.002" classname="Calculations.Division"/>
  <testcase name="Test_Devide_TwoPositiveNumbers" time="0.002" classname="Calculations.Division"/>
  <testcase name="Test_Devide_TwoPositiveNumbers" time="0.001" classname="Calculations.Division"/>
  <testcase name="Test_Devide_TwoPositiveNumbers" time="0.001" classname="Calculations.Division"/>
  <testcase name="Test_Devide_TwoPositiveNumbers" time="0.002" classname="Calculations.Division"/>
  <testcase name="Test_Devide_TwoPositiveNumbers" time="0.003" classname="Calculations.Division"/>
  <testcase name="Test_Devide_TwoPositiveNumbers" time="0.003" classname="Calculations.Division"/>
  <testcase name="Test_Devide_TwoPositiveNumbers" time="0.003" classname="Calculations.Division"/>
  <testcase name="Test_Devide_TwoPositiveNumbers" time="0.001" classname="Calculations.Division"/>
  <testcase name="Test_Devide_TwoPositiveNumbers" time="0.002" classname="Calculations.Division"/>
  <testcase name="Test_Devide_TwoPositiveNumbers" time="0.002" classname="Calculations.Division"/>
  <testcase name="Test_Devide_TwoPositiveNumbers" time="0.001" classname="Calculations.Division"/>
</testsuite> <!-- Default test -->
