<?xml version="1.0" encoding="UTF-8"?>
<!-- Generated by org.testng.reporters.JUnitXMLReporter -->
<testsuite hostname="kamKom" ignored="0" name="Test" tests="12" failures="0" timestamp="2022-07-03T17:59:14 EEST" time="0.143" errors="0">
  <testcase name="Test_Sum_NegativePositiveNumbers" time="0.018" classname="Calculations.Summation"/>
  <testcase name="Test_Sum_TwoNegativeNumbers" time="0.001" classname="Calculations.Summation"/>
  <testcase name="Test_Sum_TwoPositiveNumbers" time="0.002" classname="Calculations.Summation"/>
  <testcase name="Test_Substract_NegativePositiveNumbers" time="0.003" classname="Calculations.Subtraction"/>
  <testcase name="Test_Substract_TwoNegativeNumbers" time="0.002" classname="Calculations.Subtraction"/>
  <testcase name="Test_Substract_TwoPositiveNumbers" time="0.002" classname="Calculations.Subtraction"/>
  <testcase name="Test_Devide_NegativePositiveNumbers" time="0.003" classname="Calculations.Division"/>
  <testcase name="Test_Devide_TwoNegativeNumbers" time="0.002" classname="Calculations.Division"/>
  <testcase name="Test_Devide_TwoPositiveNumbers" time="0.001" classname="Calculations.Division"/>
  <testcase name="Test_Multiply_NegativePositiveNumbers" time="0.002" classname="Calculations.Multiplication"/>
  <testcase name="Test_Multiply_TwoNegativeNumbers" time="0.001" classname="Calculations.Multiplication"/>
  <testcase name="Test_Multiply_TwoPositiveNumbers" time="0.002" classname="Calculations.Multiplication"/>
</testsuite> <!-- Test -->
